Traceback (most recent call last):
  File "/home/obm/Prog/miniconda3/envs/qml/lib/python3.8/site-packages/jupyter_cache/executors/utils.py", line 58, in single_nb_execution
    executenb(
  File "/home/obm/Prog/miniconda3/envs/qml/lib/python3.8/site-packages/nbclient/client.py", line 1204, in execute
    return NotebookClient(nb=nb, resources=resources, km=km, **kwargs).execute()
  File "/home/obm/Prog/miniconda3/envs/qml/lib/python3.8/site-packages/nbclient/util.py", line 84, in wrapped
    return just_run(coro(*args, **kwargs))
  File "/home/obm/Prog/miniconda3/envs/qml/lib/python3.8/site-packages/nbclient/util.py", line 62, in just_run
    return loop.run_until_complete(coro)
  File "/home/obm/Prog/miniconda3/envs/qml/lib/python3.8/asyncio/base_events.py", line 616, in run_until_complete
    return future.result()
  File "/home/obm/Prog/miniconda3/envs/qml/lib/python3.8/site-packages/nbclient/client.py", line 663, in async_execute
    await self.async_execute_cell(
  File "/home/obm/Prog/miniconda3/envs/qml/lib/python3.8/site-packages/nbclient/client.py", line 965, in async_execute_cell
    await self._check_raise_for_error(cell, cell_index, exec_reply)
  File "/home/obm/Prog/miniconda3/envs/qml/lib/python3.8/site-packages/nbclient/client.py", line 862, in _check_raise_for_error
    raise CellExecutionError.from_cell_and_msg(cell, exec_reply_content)
nbclient.exceptions.CellExecutionError: An error occurred while executing the following cell:
------------------
from qiskit import IBMQ
# IBMQ.save_account(MY_API_TOKEN)
import qiskit 
qiskit.__version__

import numpy as np
from qiskit import QuantumCircuit, QuantumRegister
from qiskit.quantum_info.operators import Operator
from qiskit import(QuantumCircuit, execute, Aer)
from qiskit.visualization import plot_histogram
from qiskit.extensions import Initialize # Import the Inititialize function
------------------

[0;31m---------------------------------------------------------------------------[0m
[0;31mModuleNotFoundError[0m                       Traceback (most recent call last)
Input [0;32mIn [1][0m, in [0;36m<cell line: 1>[0;34m()[0m
[0;32m----> 1[0m [38;5;28;01mfrom[39;00m [38;5;21;01mqiskit[39;00m [38;5;28;01mimport[39;00m IBMQ
[1;32m      2[0m [38;5;66;03m# IBMQ.save_account(MY_API_TOKEN)[39;00m
[1;32m      3[0m [38;5;28;01mimport[39;00m [38;5;21;01mqiskit[39;00m 

[0;31mModuleNotFoundError[0m: No module named 'qiskit'
ModuleNotFoundError: No module named 'qiskit'

