Traceback (most recent call last):
  File "/home/obm/Prog/miniconda3/envs/sphinx/lib/python3.8/site-packages/jupyter_cache/executors/utils.py", line 51, in single_nb_execution
    executenb(
  File "/home/obm/Prog/miniconda3/envs/sphinx/lib/python3.8/site-packages/nbclient/client.py", line 1093, in execute
    return NotebookClient(nb=nb, resources=resources, km=km, **kwargs).execute()
  File "/home/obm/Prog/miniconda3/envs/sphinx/lib/python3.8/site-packages/nbclient/util.py", line 84, in wrapped
    return just_run(coro(*args, **kwargs))
  File "/home/obm/Prog/miniconda3/envs/sphinx/lib/python3.8/site-packages/nbclient/util.py", line 62, in just_run
    return loop.run_until_complete(coro)
  File "/home/obm/Prog/miniconda3/envs/sphinx/lib/python3.8/asyncio/base_events.py", line 616, in run_until_complete
    return future.result()
  File "/home/obm/Prog/miniconda3/envs/sphinx/lib/python3.8/site-packages/nbclient/client.py", line 559, in async_execute
    await self.async_execute_cell(
  File "/home/obm/Prog/miniconda3/envs/sphinx/lib/python3.8/site-packages/nbclient/client.py", line 854, in async_execute_cell
    self._check_raise_for_error(cell, exec_reply)
  File "/home/obm/Prog/miniconda3/envs/sphinx/lib/python3.8/site-packages/nbclient/client.py", line 756, in _check_raise_for_error
    raise CellExecutionError.from_cell_and_msg(cell, exec_reply_content)
nbclient.exceptions.CellExecutionError: An error occurred while executing the following cell:
------------------
from qiskit_textbook.widgets import dj_widget
dj_widget(size="small", case="balanced")
------------------

[0;31m---------------------------------------------------------------------------[0m
[0;31mModuleNotFoundError[0m                       Traceback (most recent call last)
[0;32m/tmp/ipykernel_11293/3745733287.py[0m in [0;36m<module>[0;34m[0m
[0;32m----> 1[0;31m [0;32mfrom[0m [0mqiskit_textbook[0m[0;34m.[0m[0mwidgets[0m [0;32mimport[0m [0mdj_widget[0m[0;34m[0m[0;34m[0m[0m
[0m[1;32m      2[0m [0mdj_widget[0m[0;34m([0m[0msize[0m[0;34m=[0m[0;34m"small"[0m[0;34m,[0m [0mcase[0m[0;34m=[0m[0;34m"balanced"[0m[0;34m)[0m[0;34m[0m[0;34m[0m[0m

[0;31mModuleNotFoundError[0m: No module named 'qiskit_textbook'
ModuleNotFoundError: No module named 'qiskit_textbook'

