Traceback (most recent call last):
  File "/home/obm/Prog/miniconda3/envs/qml/lib/python3.8/site-packages/jupyter_cache/executors/utils.py", line 58, in single_nb_execution
    executenb(
  File "/home/obm/Prog/miniconda3/envs/qml/lib/python3.8/site-packages/nbclient/client.py", line 1204, in execute
    return NotebookClient(nb=nb, resources=resources, km=km, **kwargs).execute()
  File "/home/obm/Prog/miniconda3/envs/qml/lib/python3.8/site-packages/nbclient/util.py", line 84, in wrapped
    return just_run(coro(*args, **kwargs))
  File "/home/obm/Prog/miniconda3/envs/qml/lib/python3.8/site-packages/nbclient/util.py", line 62, in just_run
    return loop.run_until_complete(coro)
  File "/home/obm/Prog/miniconda3/envs/qml/lib/python3.8/asyncio/base_events.py", line 616, in run_until_complete
    return future.result()
  File "/home/obm/Prog/miniconda3/envs/qml/lib/python3.8/site-packages/nbclient/client.py", line 663, in async_execute
    await self.async_execute_cell(
  File "/home/obm/Prog/miniconda3/envs/qml/lib/python3.8/site-packages/nbclient/client.py", line 965, in async_execute_cell
    await self._check_raise_for_error(cell, cell_index, exec_reply)
  File "/home/obm/Prog/miniconda3/envs/qml/lib/python3.8/site-packages/nbclient/client.py", line 862, in _check_raise_for_error
    raise CellExecutionError.from_cell_and_msg(cell, exec_reply_content)
nbclient.exceptions.CellExecutionError: An error occurred while executing the following cell:
------------------
from qiskit import QuantumCircuit, Aer, assemble
from qiskit_textbook.tools import array_to_latex
from qiskit.visualization import plot_bloch_multivector, plot_histogram
from qiskit_textbook.widgets import gate_demo
#array_to_latex(unitary, pretext="\\text{Circuit = }\n")
------------------

[0;31m---------------------------------------------------------------------------[0m
[0;31mModuleNotFoundError[0m                       Traceback (most recent call last)
Input [0;32mIn [1][0m, in [0;36m<cell line: 2>[0;34m()[0m
[1;32m      1[0m [38;5;28;01mfrom[39;00m [38;5;21;01mqiskit[39;00m [38;5;28;01mimport[39;00m QuantumCircuit, Aer, assemble
[0;32m----> 2[0m [38;5;28;01mfrom[39;00m [38;5;21;01mqiskit_textbook[39;00m[38;5;21;01m.[39;00m[38;5;21;01mtools[39;00m [38;5;28;01mimport[39;00m array_to_latex
[1;32m      3[0m [38;5;28;01mfrom[39;00m [38;5;21;01mqiskit[39;00m[38;5;21;01m.[39;00m[38;5;21;01mvisualization[39;00m [38;5;28;01mimport[39;00m plot_bloch_multivector, plot_histogram
[1;32m      4[0m [38;5;28;01mfrom[39;00m [38;5;21;01mqiskit_textbook[39;00m[38;5;21;01m.[39;00m[38;5;21;01mwidgets[39;00m [38;5;28;01mimport[39;00m gate_demo

[0;31mModuleNotFoundError[0m: No module named 'qiskit_textbook'
ModuleNotFoundError: No module named 'qiskit_textbook'

