Traceback (most recent call last):
  File "/home/obm/Prog/miniconda3/envs/qml/lib/python3.8/site-packages/jupyter_cache/executors/utils.py", line 58, in single_nb_execution
    executenb(
  File "/home/obm/Prog/miniconda3/envs/qml/lib/python3.8/site-packages/nbclient/client.py", line 1204, in execute
    return NotebookClient(nb=nb, resources=resources, km=km, **kwargs).execute()
  File "/home/obm/Prog/miniconda3/envs/qml/lib/python3.8/site-packages/nbclient/util.py", line 84, in wrapped
    return just_run(coro(*args, **kwargs))
  File "/home/obm/Prog/miniconda3/envs/qml/lib/python3.8/site-packages/nbclient/util.py", line 62, in just_run
    return loop.run_until_complete(coro)
  File "/home/obm/Prog/miniconda3/envs/qml/lib/python3.8/asyncio/base_events.py", line 616, in run_until_complete
    return future.result()
  File "/home/obm/Prog/miniconda3/envs/qml/lib/python3.8/site-packages/nbclient/client.py", line 663, in async_execute
    await self.async_execute_cell(
  File "/home/obm/Prog/miniconda3/envs/qml/lib/python3.8/site-packages/nbclient/client.py", line 965, in async_execute_cell
    await self._check_raise_for_error(cell, cell_index, exec_reply)
  File "/home/obm/Prog/miniconda3/envs/qml/lib/python3.8/site-packages/nbclient/client.py", line 862, in _check_raise_for_error
    raise CellExecutionError.from_cell_and_msg(cell, exec_reply_content)
nbclient.exceptions.CellExecutionError: An error occurred while executing the following cell:
------------------
n_bits=2
dev = qml.device("default.qubit", wires=range(n_bits))

@qml.qnode(dev)
def two_distant_spins(B, time):
    """Circuit for evolving the state of two distant electrons in a magnetic field.

    Args:
        B (float): The strength of the field, assumed to point in the z direction.
        time (float): The time we evolve the electron wavefunction for.

    Returns:
        array[complex]: The quantum state after evolution.
    """
    e = 1.6e-19
    m_e = 9.1e-31
    alpha = B*e/(2*m_e)
    ##################
    # YOUR CODE HERE #
    ##################
    return qml.state()
------------------

[0;31m---------------------------------------------------------------------------[0m
[0;31mNameError[0m                                 Traceback (most recent call last)
Input [0;32mIn [1][0m, in [0;36m<cell line: 2>[0;34m()[0m
[1;32m      1[0m n_bits[38;5;241m=[39m[38;5;241m2[39m
[0;32m----> 2[0m dev [38;5;241m=[39m [43mqml[49m[38;5;241m.[39mdevice([38;5;124m"[39m[38;5;124mdefault.qubit[39m[38;5;124m"[39m, wires[38;5;241m=[39m[38;5;28mrange[39m(n_bits))
[1;32m      4[0m [38;5;129m@qml[39m[38;5;241m.[39mqnode(dev)
[1;32m      5[0m [38;5;28;01mdef[39;00m [38;5;21mtwo_distant_spins[39m(B, time):
[1;32m      6[0m     [38;5;124;03m"""Circuit for evolving the state of two distant electrons in a magnetic field.[39;00m
[1;32m      7[0m 
[1;32m      8[0m [38;5;124;03m    Args:[39;00m
[0;32m   (...)[0m
[1;32m     13[0m [38;5;124;03m        array[complex]: The quantum state after evolution.[39;00m
[1;32m     14[0m [38;5;124;03m    """[39;00m

[0;31mNameError[0m: name 'qml' is not defined
NameError: name 'qml' is not defined

